current directory: /home/mojko/Documents/PhD_Projects/website/mojmirmutny.github.io/bundle/ruby/3.3.0/gems/ffi-1.16.3/ext/ffi_c
/usr/bin/ruby.ruby3.3 extconf.rb
checking for pkg-config for libffi... [" ", "-L/usr/lib64/../lib64", "-lffi"]
checking for ffi_prep_closure_loc() in -lffi... yes
checking for ffi_prep_cif_var()... yes
checking for ffi_raw_call()... yes
checking for ffi_prep_raw_closure()... yes
checking for rb_gc_mark_movable()... yes
checking for whether -pthread is accepted as LDFLAGS... yes
creating extconf.h
creating Makefile

current directory: /home/mojko/Documents/PhD_Projects/website/mojmirmutny.github.io/bundle/ruby/3.3.0/gems/ffi-1.16.3/ext/ffi_c
make DESTDIR\= sitearchdir\=./.gem.20240902-904886-6wb4ja sitelibdir\=./.gem.20240902-904886-6wb4ja clean

current directory: /home/mojko/Documents/PhD_Projects/website/mojmirmutny.github.io/bundle/ruby/3.3.0/gems/ffi-1.16.3/ext/ffi_c
make DESTDIR\= sitearchdir\=./.gem.20240902-904886-6wb4ja sitelibdir\=./.gem.20240902-904886-6wb4ja
compiling AbstractMemory.c
AbstractMemory.c:492:1: warning: ‘memory_read_array_of_string’ defined but not used [-Wunused-function]
  492 | memory_read_array_of_string(int argc, VALUE* argv, VALUE self)
      | ^~~~~~~~~~~~~~~~~~~~~~~~~~~
AbstractMemory.c:184:1: warning: ‘memory_read_array_of_bool’ defined but not used [-Wunused-function]
  184 | memory_read_array_of_##name(VALUE self, VALUE length) \
      | ^~~~~~~~~~~~~~~~~~~~~
AbstractMemory.c:307:1: note: in expansion of macro ‘NUM_OP’
  307 | NUM_OP(bool, unsigned char, rbffi_bool_value, rbffi_bool_new, NOSWAP);
      | ^~~~~~
AbstractMemory.c:160:1: warning: ‘memory_write_array_of_bool’ defined but not used [-Wunused-function]
  160 | memory_write_array_of_##name(VALUE self, VALUE ary) \
      | ^~~~~~~~~~~~~~~~~~~~~~
AbstractMemory.c:307:1: note: in expansion of macro ‘NUM_OP’
  307 | NUM_OP(bool, unsigned char, rbffi_bool_value, rbffi_bool_new, NOSWAP);
      | ^~~~~~
AbstractMemory.c:132:1: warning: ‘memory_read_bool’ defined but not used [-Wunused-function]
  132 | memory_read_##name(VALUE self) \
      | ^~~~~~~~~~~~
AbstractMemory.c:307:1: note: in expansion of macro ‘NUM_OP’
  307 | NUM_OP(bool, unsigned char, rbffi_bool_value, rbffi_bool_new, NOSWAP);
      | ^~~~~~
AbstractMemory.c:124:1: warning: ‘memory_get_bool’ defined but not used [-Wunused-function]
  124 | memory_get_##name(VALUE self, VALUE offset) \
      | ^~~~~~~~~~~
AbstractMemory.c:307:1: note: in expansion of macro ‘NUM_OP’
  307 | NUM_OP(bool, unsigned char, rbffi_bool_value, rbffi_bool_new, NOSWAP);
      | ^~~~~~
AbstractMemory.c:105:1: warning: ‘memory_write_bool’ defined but not used [-Wunused-function]
  105 | memory_write_##name(VALUE self, VALUE value) \
      | ^~~~~~~~~~~~~
AbstractMemory.c:307:1: note: in expansion of macro ‘NUM_OP’
  307 | NUM_OP(bool, unsigned char, rbffi_bool_value, rbffi_bool_new, NOSWAP);
      | ^~~~~~
AbstractMemory.c:96:1: warning: ‘memory_put_bool’ defined but not used [-Wunused-function]
   96 | memory_put_##name(VALUE self, VALUE offset, VALUE value) \
      | ^~~~~~~~~~~
AbstractMemory.c:307:1: note: in expansion of macro ‘NUM_OP’
  307 | NUM_OP(bool, unsigned char, rbffi_bool_value, rbffi_bool_new, NOSWAP);
      | ^~~~~~
AbstractMemory.c:184:1: warning: ‘memory_read_array_of_longdouble’ defined but not used [-Wunused-function]
  184 | memory_read_array_of_##name(VALUE self, VALUE length) \
      | ^~~~~~~~~~~~~~~~~~~~~
AbstractMemory.c:271:1: note: in expansion of macro ‘NUM_OP’
  271 | NUM_OP(longdouble, long double, rbffi_num2longdouble, rbffi_longdouble_new, NOSWAP);
      | ^~~~~~
AbstractMemory.c:160:1: warning: ‘memory_write_array_of_longdouble’ defined but not used [-Wunused-function]
  160 | memory_write_array_of_##name(VALUE self, VALUE ary) \
      | ^~~~~~~~~~~~~~~~~~~~~~
AbstractMemory.c:271:1: note: in expansion of macro ‘NUM_OP’
  271 | NUM_OP(longdouble, long double, rbffi_num2longdouble, rbffi_longdouble_new, NOSWAP);
      | ^~~~~~
AbstractMemory.c:132:1: warning: ‘memory_read_longdouble’ defined but not used [-Wunused-function]
  132 | memory_read_##name(VALUE self) \
      | ^~~~~~~~~~~~
AbstractMemory.c:271:1: note: in expansion of macro ‘NUM_OP’
  271 | NUM_OP(longdouble, long double, rbffi_num2longdouble, rbffi_longdouble_new, NOSWAP);
      | ^~~~~~
AbstractMemory.c:124:1: warning: ‘memory_get_longdouble’ defined but not used [-Wunused-function]
  124 | memory_get_##name(VALUE self, VALUE offset) \
      | ^~~~~~~~~~~
AbstractMemory.c:271:1: note: in expansion of macro ‘NUM_OP’
  271 | NUM_OP(longdouble, long double, rbffi_num2longdouble, rbffi_longdouble_new, NOSWAP);
      | ^~~~~~
AbstractMemory.c:105:1: warning: ‘memory_write_longdouble’ defined but not used [-Wunused-function]
  105 | memory_write_##name(VALUE self, VALUE value) \
      | ^~~~~~~~~~~~~
AbstractMemory.c:271:1: note: in expansion of macro ‘NUM_OP’
  271 | NUM_OP(longdouble, long double, rbffi_num2longdouble, rbffi_longdouble_new, NOSWAP);
      | ^~~~~~
AbstractMemory.c:96:1: warning: ‘memory_put_longdouble’ defined but not used [-Wunused-function]
   96 | memory_put_##name(VALUE self, VALUE offset, VALUE value) \
      | ^~~~~~~~~~~
AbstractMemory.c:271:1: note: in expansion of macro ‘NUM_OP’
  271 | NUM_OP(longdouble, long double, rbffi_num2longdouble, rbffi_longdouble_new, NOSWAP);
      | ^~~~~~
compiling ArrayType.c
compiling Buffer.c
compiling Call.c
compiling ClosurePool.c
compiling DynamicLibrary.c
compiling Function.c
Function.c: In function ‘callback_invoke’:
Function.c:611:14: warning: variable ‘empty’ set but not used [-Wunused-but-set-variable]
  611 |         bool empty = false;
      |              ^~~~~
compiling FunctionInfo.c
FunctionInfo.c: In function ‘fntype_initialize’:
FunctionInfo.c:170:27: warning: variable ‘rbConvention’ set but not used [-Wunused-but-set-variable]
  170 |     VALUE rbEnums = Qnil, rbConvention = Qnil, rbBlocking = Qnil;
      |                           ^~~~~~~~~~~~
compiling LastError.c
compiling LongDouble.c
compiling MappedType.c
compiling MemoryPointer.c
compiling MethodHandle.c
compiling Platform.c
compiling Pointer.c
compiling Struct.c
compiling StructByValue.c
compiling StructLayout.c
StructLayout.c: In function ‘struct_field_initialize’:
StructLayout.c:145:9: warning: variable ‘nargs’ set but not used [-Wunused-but-set-variable]
  145 |     int nargs;
      |         ^~~~~
compiling Thread.c
compiling Type.c
compiling Types.c
compiling Variadic.c
Variadic.c: In function ‘variadic_initialize’:
Variadic.c:134:11: warning: variable ‘convention’ set but not used [-Wunused-but-set-variable]
  134 |     VALUE convention = Qnil;
      |           ^~~~~~~~~~
compiling ffi.c
linking shared-object ffi_c.so

current directory: /home/mojko/Documents/PhD_Projects/website/mojmirmutny.github.io/bundle/ruby/3.3.0/gems/ffi-1.16.3/ext/ffi_c
make DESTDIR\= sitearchdir\=./.gem.20240902-904886-6wb4ja sitelibdir\=./.gem.20240902-904886-6wb4ja install
/usr/bin/install -c -m 0755 ffi_c.so ./.gem.20240902-904886-6wb4ja

current directory: /home/mojko/Documents/PhD_Projects/website/mojmirmutny.github.io/bundle/ruby/3.3.0/gems/ffi-1.16.3/ext/ffi_c
make DESTDIR\= sitearchdir\=./.gem.20240902-904886-6wb4ja sitelibdir\=./.gem.20240902-904886-6wb4ja clean
