current directory: /home/mojko/Documents/PhD_Projects/website/mojmirmutny.github.io/bundle/ruby/3.3.0/gems/http_parser.rb-0.8.0/ext/ruby_http_parser
/usr/bin/ruby.ruby3.3 extconf.rb
creating Makefile

current directory: /home/mojko/Documents/PhD_Projects/website/mojmirmutny.github.io/bundle/ruby/3.3.0/gems/http_parser.rb-0.8.0/ext/ruby_http_parser
make DESTDIR\= sitearchdir\=./.gem.20240902-904886-1v9ygn sitelibdir\=./.gem.20240902-904886-1v9ygn clean

current directory: /home/mojko/Documents/PhD_Projects/website/mojmirmutny.github.io/bundle/ruby/3.3.0/gems/http_parser.rb-0.8.0/ext/ruby_http_parser
make DESTDIR\= sitearchdir\=./.gem.20240902-904886-1v9ygn sitelibdir\=./.gem.20240902-904886-1v9ygn
compiling ruby_http_parser.c
ruby_http_parser.c: In function ‘Parser_execute’:
ruby_http_parser.c:365:17: warning: comparison of integer expressions of different signedness: ‘size_t’ {aka ‘long unsigned int’} and ‘long int’ [-Wsign-compare]
  365 |     if (nparsed < len)
      |                 ^
ruby_http_parser.c: In function ‘Init_ruby_http_parser’:
ruby_http_parser.c:507:6: warning: old-style function definition [-Wold-style-definition]
  507 | void Init_ruby_http_parser() {
      |      ^~~~~~~~~~~~~~~~~~~~~
At top level:
cc1: note: unrecognized command-line option ‘-Wno-self-assign’ may have been intended to silence earlier diagnostics
cc1: note: unrecognized command-line option ‘-Wno-parentheses-equality’ may have been intended to silence earlier diagnostics
cc1: note: unrecognized command-line option ‘-Wno-constant-logical-operand’ may have been intended to silence earlier diagnostics
compiling ryah_http_parser.c
linking shared-object ruby_http_parser.so

current directory: /home/mojko/Documents/PhD_Projects/website/mojmirmutny.github.io/bundle/ruby/3.3.0/gems/http_parser.rb-0.8.0/ext/ruby_http_parser
make DESTDIR\= sitearchdir\=./.gem.20240902-904886-1v9ygn sitelibdir\=./.gem.20240902-904886-1v9ygn install
/usr/bin/install -c -m 0755 ruby_http_parser.so ./.gem.20240902-904886-1v9ygn

current directory: /home/mojko/Documents/PhD_Projects/website/mojmirmutny.github.io/bundle/ruby/3.3.0/gems/http_parser.rb-0.8.0/ext/ruby_http_parser
make DESTDIR\= sitearchdir\=./.gem.20240902-904886-1v9ygn sitelibdir\=./.gem.20240902-904886-1v9ygn clean
